<?xml version="1.0" encoding="UTF-8" ?>
<testsuites>
  <testsuite errors="0" failures="0" hostname="gilliard-mac.local" id="0" name="PedidoTests" package="jugmotors" tests="1" time="1.502" timestamp="2011-09-20T03:59:15">
      <properties />

      <testcase classname="jugmotors.PedidoTests" name="testPedidoComOpcionaisMisturados" time="1.454" />

      <system-out><![CDATA[--Output from testPedidoComOpcionaisMisturados--
]]></system-out>

      <system-err><![CDATA[--Output from testPedidoComOpcionaisMisturados--
]]></system-err>

  </testsuite>
</testsuites>
